<?xml version="1.0" encoding="UTF-8" ?>
<testsuite tests="10" failures="0" name="com.jbohn.app.algorithm.FibonacciUTest" time="0.004" errors="0" skipped="0">
  <properties>
[...]
</properties>
  <testcase classname="com.jbohn.app.algorithm.FibonacciUTest" name="testFibonacciLoopWith10" time="0.004"/>
  <testcase classname="com.jbohn.app.algorithm.FibonacciUTest" name="testFibonacciRecursionWith9" time="0"/>
  <testcase classname="com.jbohn.app.algorithm.FibonacciUTest" name="testFibonacciLoopWith1" time="0"/>
  <testcase classname="com.jbohn.app.algorithm.FibonacciUTest" name="testFibonacciLoopWith9" time="0"/>
  <testcase classname="com.jbohn.app.algorithm.FibonacciUTest" name="testFibonacciRecursionWith2" time="0"/>
  <testcase classname="com.jbohn.app.algorithm.FibonacciUTest" name="testFibonacciRecursionWith3" time="0"/>
  <testcase classname="com.jbohn.app.algorithm.FibonacciUTest" name="testFibonacciRecursionWith10" time="0"/>
  <testcase classname="com.jbohn.app.algorithm.FibonacciUTest" name="testFibonacciRecursionWith1" time="0"/>
  <testcase classname="com.jbohn.app.algorithm.FibonacciUTest" name="testFibonacciLoopWith2" time="0"/>
  <testcase classname="com.jbohn.app.algorithm.FibonacciUTest" name="testFibonacciLoopWith3" time="0"/>
</testsuite>